
ROM used: 96 (1%)
          96 (1%) including unused fragments

          0 Average locations per line
          11 Average locations per statement

RAM used: 17 (5%) at main() level
          18 (5%) worst case

Stack used: 1 worst case (out of 8 total available)

Lines Stmts  %   Files
----- ----- ---  -----
   28     9 100  main.c
  330     0   0  ..\..\..\..\..\Program Files (x86)\PICC\devices\16f877a.h
----- -----
  358     9 Total

Page ROM  %  RAM   Vol Diff  Functions:
---- --- --- ---   --- ----  ----------
0     23  24   1             @delay_ms1
0     69  72  12   415  4.9  main

Program metrics:
    Functions               1
    Statements              9
    Comments                76
    Volume (V)              417
    Difficilty (D)          4.7
    Effort to implement (E) 1968
    Time to implement (T)   2 minutes
    Est Delivered Bugs (B)  0
    Cyclomatic Complexity   2
    Maintainability (MI)    144

 Segment     Used  Free
-----------  ----  ----
00000-00003     4  0  
00004-007FF    92  1952  
00800-00FFF     0  2048  
01000-017FF     0  2048  
01800-01FFF     0  2048  



