CCS PCM C Compiler, Version 4.114, 93513558               18-Dic.-16 18:05

               Filename: C:\Users\COMPUTADORA\Desktop\Core_LaboTEC\11_Servomotor\main.lst

               ROM used: 1424 words (17%)
                         Largest free fragment is 2048
               RAM used: 20 (5%) at main() level
                         48 (13%) worst case
               Stack:    7 worst case (5 in main + 2 for interrupts)

*
0000:  MOVLW  05
0001:  MOVWF  0A
0002:  GOTO   533
0003:  NOP
0004:  MOVWF  7F
0005:  SWAPF  03,W
0006:  CLRF   03
0007:  MOVWF  21
0008:  MOVF   0A,W
0009:  MOVWF  20
000A:  CLRF   0A
000B:  MOVF   04,W
000C:  MOVWF  22
000D:  MOVF   77,W
000E:  MOVWF  23
000F:  MOVF   78,W
0010:  MOVWF  24
0011:  MOVF   79,W
0012:  MOVWF  25
0013:  MOVF   7A,W
0014:  MOVWF  26
0015:  BCF    03.7
0016:  BCF    03.5
0017:  MOVLW  8C
0018:  MOVWF  04
0019:  BTFSS  00.1
001A:  GOTO   01D
001B:  BTFSC  0C.1
001C:  GOTO   02E
001D:  MOVF   22,W
001E:  MOVWF  04
001F:  MOVF   23,W
0020:  MOVWF  77
0021:  MOVF   24,W
0022:  MOVWF  78
0023:  MOVF   25,W
0024:  MOVWF  79
0025:  MOVF   26,W
0026:  MOVWF  7A
0027:  MOVF   20,W
0028:  MOVWF  0A
0029:  SWAPF  21,W
002A:  MOVWF  03
002B:  SWAPF  7F,F
002C:  SWAPF  7F,W
002D:  RETFIE
002E:  BCF    0A.3
002F:  BCF    0A.4
0030:  GOTO   04D
.................... #include <16f877a.h> 
.................... //////// Standard Header file for the PIC16F877A device //////////////// 
.................... #device PIC16F877A 
.................... #list 
....................  
.................... #fuses XT 
.................... #use delay(clock=4M) 
*
0039:  MOVLW  12
003A:  SUBWF  4A,F
003B:  BTFSS  03.0
003C:  GOTO   04C
003D:  MOVLW  4A
003E:  MOVWF  04
003F:  BCF    03.7
0040:  MOVLW  FC
0041:  ANDWF  00,F
0042:  BCF    03.0
0043:  RRF    00,F
0044:  RRF    00,F
0045:  MOVF   00,W
0046:  BTFSC  03.2
0047:  GOTO   04C
0048:  GOTO   04A
0049:  NOP
004A:  DECFSZ 00,F
004B:  GOTO   049
004C:  RETURN
*
0081:  MOVLW  2F
0082:  MOVWF  04
0083:  BCF    03.7
0084:  MOVF   00,W
0085:  BTFSC  03.2
0086:  GOTO   095
0087:  MOVLW  01
0088:  MOVWF  78
0089:  CLRF   77
008A:  DECFSZ 77,F
008B:  GOTO   08A
008C:  DECFSZ 78,F
008D:  GOTO   089
008E:  MOVLW  4A
008F:  MOVWF  77
0090:  DECFSZ 77,F
0091:  GOTO   090
0092:  GOTO   093
0093:  DECFSZ 00,F
0094:  GOTO   087
0095:  RETURN
.................... #define LCD_ENABLE_PIN  PIN_A3                                   
.................... #define LCD_RS_PIN      PIN_A5                                   
.................... #define LCD_RW_PIN      PIN_A2                                    
.................... #define LCD_DATA4       PIN_D4 
.................... #define LCD_DATA5       PIN_D5                                    
.................... #define LCD_DATA6       PIN_D6                                     
.................... #define LCD_DATA7       PIN_D7  
.................... #include <lcd.c> 
.................... /////////////////////////////////////////////////////////////////////////////// 
.................... ////                             LCD.C                                     //// 
.................... ////                 Driver for common LCD modules                         //// 
.................... ////                                                                       //// 
.................... ////  lcd_init()   Must be called before any other function.               //// 
.................... ////                                                                       //// 
.................... ////  lcd_putc(c)  Will display c on the next position of the LCD.         //// 
.................... ////                 \a  Set cursor position to upper left                 //// 
.................... ////                 \f  Clear display, set cursor to upper left           //// 
.................... ////                 \n  Go to start of second line                        //// 
.................... ////                 \b  Move back one position                            //// 
.................... ////              If LCD_EXTENDED_NEWLINE is defined, the \n character     //// 
.................... ////              will erase all remanining characters on the current      //// 
.................... ////              line, and move the cursor to the beginning of the next   //// 
.................... ////              line.                                                    //// 
.................... ////              If LCD_EXTENDED_NEWLINE is defined, the \r character     //// 
.................... ////              will move the cursor to the start of the current         //// 
.................... ////              line.                                                    //// 
.................... ////                                                                       //// 
.................... ////  lcd_gotoxy(x,y) Set write position on LCD (upper left is 1,1)        //// 
.................... ////                                                                       //// 
.................... ////  lcd_getc(x,y)   Returns character at position x,y on LCD             //// 
.................... ////                                                                       //// 
.................... ////  CONFIGURATION                                                        //// 
.................... ////  The LCD can be configured in one of two ways: a.) port access or     //// 
.................... ////  b.) pin access.  Port access requires the entire 7 bit interface     //// 
.................... ////  connected to one GPIO port, and the data bits (D4:D7 of the LCD)     //// 
.................... ////  connected to sequential pins on the GPIO.  Pin access                //// 
.................... ////  has no requirements, all 7 bits of the control interface can         //// 
.................... ////  can be connected to any GPIO using several ports.                    //// 
.................... ////                                                                       //// 
.................... ////  To use port access, #define LCD_DATA_PORT to the SFR location of     //// 
.................... ////  of the GPIO port that holds the interface, -AND- edit LCD_PIN_MAP    //// 
.................... ////  of this file to configure the pin order.  If you are using a         //// 
.................... ////  baseline PIC (PCB), then LCD_OUTPUT_MAP and LCD_INPUT_MAP also must  //// 
.................... ////  be defined.                                                          //// 
.................... ////                                                                       //// 
.................... ////  Example of port access:                                              //// 
.................... ////     #define LCD_DATA_PORT getenv("SFR:PORTD")                         //// 
.................... ////                                                                       //// 
.................... ////  To use pin access, the following pins must be defined:               //// 
.................... ////     LCD_ENABLE_PIN                                                    //// 
.................... ////     LCD_RS_PIN                                                        //// 
.................... ////     LCD_RW_PIN                                                        //// 
.................... ////     LCD_DATA4                                                         //// 
.................... ////     LCD_DATA5                                                         //// 
.................... ////     LCD_DATA6                                                         //// 
.................... ////     LCD_DATA7                                                         //// 
.................... ////                                                                       //// 
.................... ////  Example of pin access:                                               //// 
.................... ////     #define LCD_ENABLE_PIN  PIN_E0                                    //// 
.................... ////     #define LCD_RS_PIN      PIN_E1                                    //// 
.................... ////     #define LCD_RW_PIN      PIN_E2                                    //// 
.................... ////     #define LCD_DATA4       PIN_D4                                    //// 
.................... ////     #define LCD_DATA5       PIN_D5                                    //// 
.................... ////     #define LCD_DATA6       PIN_D6                                    //// 
.................... ////     #define LCD_DATA7       PIN_D7                                    //// 
.................... ////                                                                       //// 
.................... /////////////////////////////////////////////////////////////////////////////// 
.................... ////        (C) Copyright 1996,2010 Custom Computer Services           //// 
.................... //// This source code may only be used by licensed users of the CCS C  //// 
.................... //// compiler.  This source code may only be distributed to other      //// 
.................... //// licensed users of the CCS C compiler.  No other use, reproduction //// 
.................... //// or distribution is permitted without written permission.          //// 
.................... //// Derivative programs created using this software in object code    //// 
.................... //// form are not restricted in any way.                               //// 
.................... /////////////////////////////////////////////////////////////////////////// 
....................  
.................... // define the pinout. 
.................... // only required if port access is being used. 
.................... typedef struct   
.................... {                            // This structure is overlayed 
....................    BOOLEAN enable;           // on to an I/O port to gain 
....................    BOOLEAN rs;               // access to the LCD pins. 
....................    BOOLEAN rw;               // The bits are allocated from 
....................    BOOLEAN unused;           // low order up.  ENABLE will 
....................    int     data : 4;         // be LSB pin of that port. 
....................   #if defined(__PCD__)       // The port used will be LCD_DATA_PORT. 
....................    int    reserved: 8; 
....................   #endif 
.................... } LCD_PIN_MAP; 
....................  
.................... // this is to improve compatability with previous LCD drivers that accepted 
.................... // a define labeled 'use_portb_lcd' that configured the LCD onto port B. 
.................... #if ((defined(use_portb_lcd)) && (use_portb_lcd==TRUE)) 
....................  #define LCD_DATA_PORT getenv("SFR:PORTB") 
.................... #endif 
....................  
.................... #if defined(__PCB__) 
....................    // these definitions only need to be modified for baseline PICs. 
....................    // all other PICs use LCD_PIN_MAP or individual LCD_xxx pin definitions. 
.................... /*                                    EN, RS,   RW,   UNUSED,  DATA  */ 
....................  const LCD_PIN_MAP LCD_OUTPUT_MAP =  {0,  0,    0,    0,       0}; 
....................  const LCD_PIN_MAP LCD_INPUT_MAP =   {0,  0,    0,    0,       0xF}; 
.................... #endif 
....................  
.................... ////////////////////// END CONFIGURATION /////////////////////////////////// 
....................  
.................... #ifndef LCD_ENABLE_PIN 
....................    #define lcd_output_enable(x) lcdlat.enable=x 
....................    #define lcd_enable_tris()   lcdtris.enable=0 
.................... #else 
....................    #define lcd_output_enable(x) output_bit(LCD_ENABLE_PIN, x) 
....................    #define lcd_enable_tris()  output_drive(LCD_ENABLE_PIN) 
.................... #endif 
....................  
.................... #ifndef LCD_RS_PIN 
....................    #define lcd_output_rs(x) lcdlat.rs=x 
....................    #define lcd_rs_tris()   lcdtris.rs=0 
.................... #else 
....................    #define lcd_output_rs(x) output_bit(LCD_RS_PIN, x) 
....................    #define lcd_rs_tris()  output_drive(LCD_RS_PIN) 
.................... #endif 
....................  
.................... #ifndef LCD_RW_PIN 
....................    #define lcd_output_rw(x) lcdlat.rw=x 
....................    #define lcd_rw_tris()   lcdtris.rw=0 
.................... #else 
....................    #define lcd_output_rw(x) output_bit(LCD_RW_PIN, x) 
....................    #define lcd_rw_tris()  output_drive(LCD_RW_PIN) 
.................... #endif 
....................  
.................... // original version of this library incorrectly labeled LCD_DATA0 as LCD_DATA4, 
.................... // LCD_DATA1 as LCD_DATA5, and so on.  this block of code makes the driver 
.................... // compatible with any code written for the original library 
.................... #if (defined(LCD_DATA0) && defined(LCD_DATA1) && defined(LCD_DATA2) && defined(LCD_DATA3) && !defined(LCD_DATA4) && !defined(LCD_DATA5) && !defined(LCD_DATA6) && !defined(LCD_DATA7)) 
....................    #define  LCD_DATA4    LCD_DATA0 
....................    #define  LCD_DATA5    LCD_DATA1 
....................    #define  LCD_DATA6    LCD_DATA2 
....................    #define  LCD_DATA7    LCD_DATA3 
.................... #endif 
....................  
.................... #ifndef LCD_DATA4 
.................... #ifndef LCD_DATA_PORT 
....................    #if defined(__PCB__) 
....................       #define LCD_DATA_PORT      0x06     //portb 
....................       #define set_tris_lcd(x)   set_tris_b(x) 
....................    #else 
....................      #if defined(PIN_D0) 
....................       #define LCD_DATA_PORT      getenv("SFR:PORTD")     //portd 
....................      #else 
....................       #define LCD_DATA_PORT      getenv("SFR:PORTB")     //portb 
....................      #endif 
....................    #endif    
.................... #endif 
....................  
.................... #if defined(__PCB__) 
....................    LCD_PIN_MAP lcd, lcdlat; 
....................    #byte lcd = LCD_DATA_PORT 
....................    #byte lcdlat = LCD_DATA_PORT 
.................... #elif defined(__PCM__) 
....................    LCD_PIN_MAP lcd, lcdlat, lcdtris; 
....................    #byte lcd = LCD_DATA_PORT 
....................    #byte lcdlat = LCD_DATA_PORT 
....................    #byte lcdtris = LCD_DATA_PORT+0x80 
.................... #elif defined(__PCH__) 
....................    LCD_PIN_MAP lcd, lcdlat, lcdtris; 
....................    #byte lcd = LCD_DATA_PORT 
....................    #byte lcdlat = LCD_DATA_PORT+9 
....................    #byte lcdtris = LCD_DATA_PORT+0x12 
.................... #elif defined(__PCD__) 
....................    LCD_PIN_MAP lcd, lcdlat, lcdtris; 
....................    #word lcd = LCD_DATA_PORT 
....................    #word lcdlat = LCD_DATA_PORT+2 
....................    #word lcdtris = LCD_DATA_PORT-0x02 
.................... #endif 
.................... #endif   //LCD_DATA4 not defined 
....................  
.................... #ifndef LCD_TYPE 
....................    #define LCD_TYPE 2           // 0=5x7, 1=5x10, 2=2 lines 
.................... #endif 
....................  
.................... #ifndef LCD_LINE_TWO 
....................    #define LCD_LINE_TWO 0x40    // LCD RAM address for the second line 
.................... #endif 
....................  
.................... #ifndef LCD_LINE_LENGTH 
....................    #define LCD_LINE_LENGTH 20 
.................... #endif 
....................  
.................... BYTE const LCD_INIT_STRING[4] = {0x20 | (LCD_TYPE << 2), 0xc, 1, 6}; 
....................                              // These bytes need to be sent to the LCD 
....................                              // to start it up. 
....................  
.................... BYTE lcd_read_nibble(void); 
....................  
.................... BYTE lcd_read_byte(void) 
.................... { 
....................    BYTE low,high; 
....................  
....................  #if defined(__PCB__) 
....................    set_tris_lcd(LCD_INPUT_MAP); 
....................  #else 
....................   #if (defined(LCD_DATA4) && defined(LCD_DATA5) && defined(LCD_DATA6) && defined(LCD_DATA7)) 
....................    output_float(LCD_DATA4); 
*
00FA:  BSF    08.4
....................    output_float(LCD_DATA5); 
00FB:  BSF    08.5
....................    output_float(LCD_DATA6); 
00FC:  BSF    08.6
....................    output_float(LCD_DATA7); 
00FD:  BSF    08.7
....................   #else 
....................    lcdtris.data = 0xF; 
....................   #endif 
....................  #endif 
....................          
....................    lcd_output_rw(1); 
00FE:  BCF    03.5
00FF:  BSF    05.2
0100:  BSF    03.5
0101:  BCF    05.2
....................    delay_cycles(1); 
0102:  NOP
....................    lcd_output_enable(1); 
0103:  BCF    03.5
0104:  BSF    05.3
0105:  BSF    03.5
0106:  BCF    05.3
....................    delay_cycles(1); 
0107:  NOP
....................    high = lcd_read_nibble(); 
0108:  BCF    03.5
0109:  CALL   0C1
010A:  MOVF   78,W
010B:  MOVWF  36
....................        
....................    lcd_output_enable(0); 
010C:  BCF    05.3
010D:  BSF    03.5
010E:  BCF    05.3
....................    delay_cycles(1); 
010F:  NOP
....................    lcd_output_enable(1); 
0110:  BCF    03.5
0111:  BSF    05.3
0112:  BSF    03.5
0113:  BCF    05.3
....................    delay_us(1); 
0114:  NOP
....................    low = lcd_read_nibble(); 
0115:  BCF    03.5
0116:  CALL   0C1
0117:  MOVF   78,W
0118:  MOVWF  35
....................        
....................    lcd_output_enable(0); 
0119:  BCF    05.3
011A:  BSF    03.5
011B:  BCF    05.3
....................  
....................  #if defined(__PCB__) 
....................    set_tris_lcd(LCD_OUTPUT_MAP); 
....................  #else 
....................   #if (defined(LCD_DATA4) && defined(LCD_DATA5) && defined(LCD_DATA6) && defined(LCD_DATA7)) 
....................    output_drive(LCD_DATA4); 
011C:  BCF    08.4
....................    output_drive(LCD_DATA5); 
011D:  BCF    08.5
....................    output_drive(LCD_DATA6); 
011E:  BCF    08.6
....................    output_drive(LCD_DATA7); 
011F:  BCF    08.7
....................   #else 
....................    lcdtris.data = 0x0; 
....................   #endif 
....................  #endif 
....................  
....................    return( (high<<4) | low); 
0120:  BCF    03.5
0121:  SWAPF  36,W
0122:  MOVWF  77
0123:  MOVLW  F0
0124:  ANDWF  77,F
0125:  MOVF   77,W
0126:  IORWF  35,W
0127:  MOVWF  78
.................... } 
....................  
.................... BYTE lcd_read_nibble(void) 
.................... { 
....................   #if (defined(LCD_DATA4) && defined(LCD_DATA5) && defined(LCD_DATA6) && defined(LCD_DATA7)) 
*
00C1:  CLRF   37
....................    BYTE n = 0x00; 
....................  
....................    /* Read the data port */ 
....................    n |= input(LCD_DATA4); 
00C2:  BSF    03.5
00C3:  BSF    08.4
00C4:  MOVLW  00
00C5:  BCF    03.5
00C6:  BTFSC  08.4
00C7:  MOVLW  01
00C8:  IORWF  37,F
....................    n |= input(LCD_DATA5) << 1; 
00C9:  BSF    03.5
00CA:  BSF    08.5
00CB:  MOVLW  00
00CC:  BCF    03.5
00CD:  BTFSC  08.5
00CE:  MOVLW  01
00CF:  MOVWF  77
00D0:  BCF    03.0
00D1:  RLF    77,F
00D2:  MOVF   77,W
00D3:  IORWF  37,F
....................    n |= input(LCD_DATA6) << 2; 
00D4:  BSF    03.5
00D5:  BSF    08.6
00D6:  MOVLW  00
00D7:  BCF    03.5
00D8:  BTFSC  08.6
00D9:  MOVLW  01
00DA:  MOVWF  77
00DB:  RLF    77,F
00DC:  RLF    77,F
00DD:  MOVLW  FC
00DE:  ANDWF  77,F
00DF:  MOVF   77,W
00E0:  IORWF  37,F
....................    n |= input(LCD_DATA7) << 3; 
00E1:  BSF    03.5
00E2:  BSF    08.7
00E3:  MOVLW  00
00E4:  BCF    03.5
00E5:  BTFSC  08.7
00E6:  MOVLW  01
00E7:  MOVWF  77
00E8:  RLF    77,F
00E9:  RLF    77,F
00EA:  RLF    77,F
00EB:  MOVLW  F8
00EC:  ANDWF  77,F
00ED:  MOVF   77,W
00EE:  IORWF  37,F
....................     
....................    return(n); 
00EF:  MOVF   37,W
00F0:  MOVWF  78
....................   #else 
....................    return(lcd.data); 
....................   #endif 
.................... } 
00F1:  RETURN
....................  
.................... void lcd_send_nibble(BYTE n) 
.................... { 
....................   #if (defined(LCD_DATA4) && defined(LCD_DATA5) && defined(LCD_DATA6) && defined(LCD_DATA7)) 
....................    /* Write to the data port */ 
....................    output_bit(LCD_DATA4, bit_test(n, 0)); 
*
0096:  BTFSC  36.0
0097:  GOTO   09A
0098:  BCF    08.4
0099:  GOTO   09B
009A:  BSF    08.4
009B:  BSF    03.5
009C:  BCF    08.4
....................    output_bit(LCD_DATA5, bit_test(n, 1)); 
009D:  BCF    03.5
009E:  BTFSC  36.1
009F:  GOTO   0A2
00A0:  BCF    08.5
00A1:  GOTO   0A3
00A2:  BSF    08.5
00A3:  BSF    03.5
00A4:  BCF    08.5
....................    output_bit(LCD_DATA6, bit_test(n, 2)); 
00A5:  BCF    03.5
00A6:  BTFSC  36.2
00A7:  GOTO   0AA
00A8:  BCF    08.6
00A9:  GOTO   0AB
00AA:  BSF    08.6
00AB:  BSF    03.5
00AC:  BCF    08.6
....................    output_bit(LCD_DATA7, bit_test(n, 3)); 
00AD:  BCF    03.5
00AE:  BTFSC  36.3
00AF:  GOTO   0B2
00B0:  BCF    08.7
00B1:  GOTO   0B3
00B2:  BSF    08.7
00B3:  BSF    03.5
00B4:  BCF    08.7
....................   #else       
....................    lcdlat.data = n; 
....................   #endif 
....................        
....................    delay_cycles(1); 
00B5:  NOP
....................    lcd_output_enable(1); 
00B6:  BCF    03.5
00B7:  BSF    05.3
00B8:  BSF    03.5
00B9:  BCF    05.3
....................    delay_us(2); 
00BA:  GOTO   0BB
....................    lcd_output_enable(0); 
00BB:  BCF    03.5
00BC:  BCF    05.3
00BD:  BSF    03.5
00BE:  BCF    05.3
.................... } 
00BF:  BCF    03.5
00C0:  RETURN
....................  
.................... void lcd_send_byte(BYTE address, BYTE n) 
.................... { 
....................   #if defined(__PCB__) 
....................    set_tris_lcd(LCD_OUTPUT_MAP); 
....................   #else 
....................    lcd_enable_tris(); 
*
00F2:  BSF    03.5
00F3:  BCF    05.3
....................    lcd_rs_tris(); 
00F4:  BCF    05.5
....................    lcd_rw_tris(); 
00F5:  BCF    05.2
....................   #endif 
....................  
....................    lcd_output_rs(0); 
00F6:  BCF    03.5
00F7:  BCF    05.5
00F8:  BSF    03.5
00F9:  BCF    05.5
....................    while ( bit_test(lcd_read_byte(),7) ) ; 
*
0128:  MOVF   78,W
0129:  MOVWF  35
012A:  BTFSS  35.7
012B:  GOTO   12E
012C:  BSF    03.5
012D:  GOTO   0FA
....................    lcd_output_rs(address); 
012E:  MOVF   33,F
012F:  BTFSS  03.2
0130:  GOTO   133
0131:  BCF    05.5
0132:  GOTO   134
0133:  BSF    05.5
0134:  BSF    03.5
0135:  BCF    05.5
....................    delay_cycles(1); 
0136:  NOP
....................    lcd_output_rw(0); 
0137:  BCF    03.5
0138:  BCF    05.2
0139:  BSF    03.5
013A:  BCF    05.2
....................    delay_cycles(1); 
013B:  NOP
....................    lcd_output_enable(0); 
013C:  BCF    03.5
013D:  BCF    05.3
013E:  BSF    03.5
013F:  BCF    05.3
....................    lcd_send_nibble(n >> 4); 
0140:  BCF    03.5
0141:  SWAPF  34,W
0142:  MOVWF  35
0143:  MOVLW  0F
0144:  ANDWF  35,F
0145:  MOVF   35,W
0146:  MOVWF  36
0147:  CALL   096
....................    lcd_send_nibble(n & 0xf); 
0148:  MOVF   34,W
0149:  ANDLW  0F
014A:  MOVWF  35
014B:  MOVWF  36
014C:  CALL   096
.................... } 
014D:  RETURN
....................  
.................... #if defined(LCD_EXTENDED_NEWLINE) 
.................... unsigned int8 g_LcdX, g_LcdY; 
.................... #endif 
....................  
.................... void lcd_init(void)  
.................... { 
....................    BYTE i; 
....................  
....................  #if defined(__PCB__) 
....................    set_tris_lcd(LCD_OUTPUT_MAP); 
....................  #else 
....................   #if (defined(LCD_DATA4) && defined(LCD_DATA5) && defined(LCD_DATA6) && defined(LCD_DATA7)) 
....................    output_drive(LCD_DATA4); 
014E:  BSF    03.5
014F:  BCF    08.4
....................    output_drive(LCD_DATA5); 
0150:  BCF    08.5
....................    output_drive(LCD_DATA6); 
0151:  BCF    08.6
....................    output_drive(LCD_DATA7); 
0152:  BCF    08.7
....................   #else 
....................    lcdtris.data = 0x0; 
....................   #endif 
....................    lcd_enable_tris(); 
0153:  BCF    05.3
....................    lcd_rs_tris(); 
0154:  BCF    05.5
....................    lcd_rw_tris(); 
0155:  BCF    05.2
....................  #endif 
....................  
....................    lcd_output_rs(0); 
0156:  BCF    03.5
0157:  BCF    05.5
0158:  BSF    03.5
0159:  BCF    05.5
....................    lcd_output_rw(0); 
015A:  BCF    03.5
015B:  BCF    05.2
015C:  BSF    03.5
015D:  BCF    05.2
....................    lcd_output_enable(0); 
015E:  BCF    03.5
015F:  BCF    05.3
0160:  BSF    03.5
0161:  BCF    05.3
....................      
....................    delay_ms(15); 
0162:  MOVLW  0F
0163:  BCF    03.5
0164:  MOVWF  2F
0165:  CALL   081
....................    for(i=1;i<=3;++i) 
0166:  MOVLW  01
0167:  MOVWF  2B
0168:  MOVF   2B,W
0169:  SUBLW  03
016A:  BTFSS  03.0
016B:  GOTO   176
....................    { 
....................        lcd_send_nibble(3); 
016C:  MOVLW  03
016D:  MOVWF  36
016E:  CALL   096
....................        lcd_send_nibble(0); 
016F:  CLRF   36
0170:  CALL   096
....................        delay_ms(5); 
0171:  MOVLW  05
0172:  MOVWF  2F
0173:  CALL   081
....................    } 
0174:  INCF   2B,F
0175:  GOTO   168
....................     
....................    lcd_send_nibble(2); 
0176:  MOVLW  02
0177:  MOVWF  36
0178:  CALL   096
....................    lcd_send_nibble(0); 
0179:  CLRF   36
017A:  CALL   096
....................    delay_ms(5); 
017B:  MOVLW  05
017C:  MOVWF  2F
017D:  CALL   081
....................    for(i=0;i<=3;++i) 
017E:  CLRF   2B
017F:  MOVF   2B,W
0180:  SUBLW  03
0181:  BTFSS  03.0
0182:  GOTO   18C
....................       lcd_send_byte(0,LCD_INIT_STRING[i]); 
0183:  MOVF   2B,W
0184:  CALL   031
0185:  MOVWF  2C
0186:  CLRF   33
0187:  MOVF   2C,W
0188:  MOVWF  34
0189:  CALL   0F2
....................  
....................   #if defined(LCD_EXTENDED_NEWLINE) 
018A:  INCF   2B,F
018B:  GOTO   17F
....................    g_LcdX = 0; 
....................    g_LcdY = 0; 
....................   #endif 
.................... } 
018C:  BCF    0A.3
018D:  BCF    0A.4
018E:  GOTO   546 (RETURN)
....................  
.................... void lcd_gotoxy(BYTE x, BYTE y) 
.................... { 
....................    BYTE address; 
....................     
....................    if(y!=1) 
018F:  DECFSZ 30,W
0190:  GOTO   192
0191:  GOTO   195
....................       address=LCD_LINE_TWO; 
0192:  MOVLW  40
0193:  MOVWF  31
....................    else 
0194:  GOTO   196
....................       address=0; 
0195:  CLRF   31
....................       
....................    address+=x-1; 
0196:  MOVLW  01
0197:  SUBWF  2F,W
0198:  ADDWF  31,F
....................    lcd_send_byte(0,0x80|address); 
0199:  MOVF   31,W
019A:  IORLW  80
019B:  MOVWF  32
019C:  CLRF   33
019D:  MOVF   32,W
019E:  MOVWF  34
019F:  CALL   0F2
....................  
....................   #if defined(LCD_EXTENDED_NEWLINE) 
....................    g_LcdX = x - 1; 
....................    g_LcdY = y - 1; 
....................   #endif 
.................... } 
01A0:  RETURN
....................  
.................... void lcd_putc(char c) 
.................... { 
....................    switch (c) 
....................    { 
01A1:  MOVF   2E,W
01A2:  XORLW  07
01A3:  BTFSC  03.2
01A4:  GOTO   1AF
01A5:  XORLW  0B
01A6:  BTFSC  03.2
01A7:  GOTO   1B4
01A8:  XORLW  06
01A9:  BTFSC  03.2
01AA:  GOTO   1BC
01AB:  XORLW  02
01AC:  BTFSC  03.2
01AD:  GOTO   1C2
01AE:  GOTO   1C7
....................       case '\a'   :  lcd_gotoxy(1,1);     break; 
01AF:  MOVLW  01
01B0:  MOVWF  2F
01B1:  MOVWF  30
01B2:  CALL   18F
01B3:  GOTO   1CD
....................  
....................       case '\f'   :  lcd_send_byte(0,1); 
01B4:  CLRF   33
01B5:  MOVLW  01
01B6:  MOVWF  34
01B7:  CALL   0F2
....................                      delay_ms(2); 
01B8:  MOVLW  02
01B9:  MOVWF  2F
01BA:  CALL   081
....................                     #if defined(LCD_EXTENDED_NEWLINE) 
....................                      g_LcdX = 0; 
....................                      g_LcdY = 0; 
....................                     #endif 
....................                      break; 
01BB:  GOTO   1CD
....................  
....................      #if defined(LCD_EXTENDED_NEWLINE) 
....................       case '\r'   :  lcd_gotoxy(1, g_LcdY+1);   break; 
....................       case '\n'   : 
....................          while (g_LcdX++ < LCD_LINE_LENGTH) 
....................          { 
....................             lcd_send_byte(1, ' '); 
....................          } 
....................          lcd_gotoxy(1, g_LcdY+2); 
....................          break; 
....................      #else 
....................       case '\n'   : lcd_gotoxy(1,2);        break; 
01BC:  MOVLW  01
01BD:  MOVWF  2F
01BE:  MOVLW  02
01BF:  MOVWF  30
01C0:  CALL   18F
01C1:  GOTO   1CD
....................      #endif 
....................       
....................       case '\b'   : lcd_send_byte(0,0x10);  break; 
01C2:  CLRF   33
01C3:  MOVLW  10
01C4:  MOVWF  34
01C5:  CALL   0F2
01C6:  GOTO   1CD
....................       
....................      #if defined(LCD_EXTENDED_NEWLINE) 
....................       default     :  
....................          if (g_LcdX < LCD_LINE_LENGTH) 
....................          { 
....................             lcd_send_byte(1, c); 
....................             g_LcdX++; 
....................          } 
....................          break; 
....................      #else 
....................       default     : lcd_send_byte(1,c);     break; 
01C7:  MOVLW  01
01C8:  MOVWF  33
01C9:  MOVF   2E,W
01CA:  MOVWF  34
01CB:  CALL   0F2
01CC:  GOTO   1CD
....................      #endif 
....................    } 
.................... } 
01CD:  RETURN
....................   
.................... char lcd_getc(BYTE x, BYTE y) 
.................... { 
....................    char value; 
....................  
....................    lcd_gotoxy(x,y); 
....................    while ( bit_test(lcd_read_byte(),7) ); // wait until busy flag is low 
....................    lcd_output_rs(1); 
....................    value = lcd_read_byte(); 
....................    lcd_output_rs(0); 
....................     
....................    return(value); 
.................... } 
....................  
.................... #include "..\LaboTec\servomotor.c" 
.................... #include "servomotor.h" 
.................... #ifndef  __SERVOMOTOR__ 
.................... #define  __SERVOMOTOR__ 
....................  
.................... /* 
....................  * SERVOMOTOR: 
....................  *    EL PERIODO DE LA SEÑAL ES DE 50Hz  
....................  *       Motor en sentido horario (0,7 ms) 
....................  *       Motor neutral (1,5 ms) 
....................  *       Motor en sentido antihorario (1,8 ms) 
....................  * 
....................  *    USANDO TIMER2 
....................  *       T=(4/FOSC)*PRESCALER*(VALOR CARGA PR2+1)*POSTSCALER 
....................  *       1/50Hz = (4/4Mhz)*16*(VALOR CARGA PR2+1)*16 
....................  *       PR2 = 77.125 
....................  **/ 
.................... #DEFINE  PR2         78 
.................... #DEFINE  POSTSCALER  16 
.................... #DEFINE  PRESCALER   T2_DIV_BY_16 
.................... #DEFINE  PIN_CTRL    PIN_C0 
....................  
.................... #DEFINE  IN_MIN      0 
.................... #DEFINE  IN_MAX      180 
.................... #DEFINE  OUT_MIN     700 
.................... #DEFINE  OUT_MAX     2600 
....................  
.................... void servomotor_init(); 
.................... void ServoWriteAngle(float x); 
....................  
.................... #endif 
....................  
....................  
.................... unsigned int16 angle = 0; 
....................  
.................... #INT_TIMER2 
.................... void TMR2_isr( ){ 
....................    output_high(PIN_CTRL); 
*
004D:  BCF    29.0
004E:  MOVF   29,W
004F:  BSF    03.5
0050:  MOVWF  07
0051:  BCF    03.5
0052:  BSF    07.0
....................    delay_us( angle ); 
0053:  MOVF   28,W
0054:  MOVWF  49
0055:  INCF   49,F
0056:  DECF   49,F
0057:  BTFSC  03.2
0058:  GOTO   05D
0059:  MOVLW  FF
005A:  MOVWF  4A
005B:  CALL   039
005C:  GOTO   056
005D:  MOVF   27,W
005E:  MOVWF  4A
005F:  CALL   039
....................    output_low(PIN_CTRL); 
0060:  BCF    29.0
0061:  MOVF   29,W
0062:  BSF    03.5
0063:  MOVWF  07
0064:  BCF    03.5
0065:  BCF    07.0
.................... } 
....................  
0066:  BCF    0C.1
0067:  BCF    0A.3
0068:  BCF    0A.4
0069:  GOTO   01D
.................... void servomotor_init(){ 
....................    set_tris_c(0b10000000); 
*
006E:  MOVLW  80
006F:  BSF    03.5
0070:  MOVWF  07
0071:  BCF    03.5
0072:  MOVWF  29
....................    setup_timer_2( PRESCALER, PR2 , POSTSCALER ); 
0073:  MOVLW  78
0074:  MOVWF  78
0075:  IORLW  06
0076:  MOVWF  12
0077:  MOVLW  4E
0078:  BSF    03.5
0079:  MOVWF  12
....................    enable_interrupts( INT_TIMER2 );  
007A:  BSF    0C.1
....................    enable_interrupts(GLOBAL); 
007B:  MOVLW  C0
007C:  BCF    03.5
007D:  IORWF  0B,F
....................     
.................... } 
007E:  BCF    0A.3
007F:  BCF    0A.4
0080:  GOTO   545 (RETURN)
....................  
.................... void ServoWriteAngle(float x){ 
....................    unsigned int16 out; 
....................    out = (x - IN_MIN) * (OUT_MAX - OUT_MIN) / (IN_MAX - IN_MIN) + OUT_MIN; 
*
0357:  BSF    03.1
0358:  MOVF   32,W
0359:  MOVWF  3C
035A:  MOVF   31,W
035B:  MOVWF  3B
035C:  MOVF   30,W
035D:  MOVWF  3A
035E:  MOVF   2F,W
035F:  MOVWF  39
0360:  CLRF   40
0361:  CLRF   3F
0362:  CLRF   3E
0363:  CLRF   3D
0364:  CALL   216
0365:  MOVF   77,W
0366:  MOVWF  35
0367:  MOVF   78,W
0368:  MOVWF  36
0369:  MOVF   79,W
036A:  MOVWF  37
036B:  MOVF   7A,W
036C:  MOVWF  38
036D:  MOVF   38,W
036E:  MOVWF  3C
036F:  MOVF   37,W
0370:  MOVWF  3B
0371:  MOVF   36,W
0372:  MOVWF  3A
0373:  MOVF   35,W
0374:  MOVWF  39
0375:  CLRF   40
0376:  MOVLW  80
0377:  MOVWF  3F
0378:  MOVLW  6D
0379:  MOVWF  3E
037A:  MOVLW  89
037B:  MOVWF  3D
*
03F0:  MOVF   77,W
03F1:  MOVWF  35
03F2:  MOVF   78,W
03F3:  MOVWF  36
03F4:  MOVF   79,W
03F5:  MOVWF  37
03F6:  MOVF   7A,W
03F7:  MOVWF  38
03F8:  MOVF   38,W
03F9:  MOVWF  3C
03FA:  MOVF   37,W
03FB:  MOVWF  3B
03FC:  MOVF   36,W
03FD:  MOVWF  3A
03FE:  MOVF   35,W
03FF:  MOVWF  39
0400:  CLRF   40
0401:  CLRF   3F
0402:  MOVLW  34
0403:  MOVWF  3E
0404:  MOVLW  86
0405:  MOVWF  3D
*
04CF:  MOVF   77,W
04D0:  MOVWF  35
04D1:  MOVF   78,W
04D2:  MOVWF  36
04D3:  MOVF   79,W
04D4:  MOVWF  37
04D5:  MOVF   7A,W
04D6:  MOVWF  38
04D7:  BCF    03.1
04D8:  MOVF   38,W
04D9:  MOVWF  3C
04DA:  MOVF   37,W
04DB:  MOVWF  3B
04DC:  MOVF   36,W
04DD:  MOVWF  3A
04DE:  MOVF   35,W
04DF:  MOVWF  39
04E0:  CLRF   40
04E1:  CLRF   3F
04E2:  MOVLW  2F
04E3:  MOVWF  3E
04E4:  MOVLW  88
04E5:  MOVWF  3D
04E6:  CALL   216
04E7:  MOVF   7A,W
04E8:  MOVWF  38
04E9:  MOVF   79,W
04EA:  MOVWF  37
04EB:  MOVF   78,W
04EC:  MOVWF  36
04ED:  MOVF   77,W
04EE:  MOVWF  35
*
050D:  MOVF   79,W
050E:  MOVWF  34
050F:  MOVF   78,W
0510:  MOVWF  33
....................    angle = out; 
0511:  MOVF   34,W
0512:  MOVWF  28
0513:  MOVF   33,W
0514:  MOVWF  27
.................... } 
0515:  RETURN
....................  
....................  
.................... void main(){ 
*
0533:  CLRF   04
0534:  BCF    03.7
0535:  MOVLW  1F
0536:  ANDWF  03,F
0537:  CLRF   28
0538:  CLRF   27
0539:  MOVLW  FF
053A:  MOVWF  29
053B:  BSF    03.5
053C:  BSF    1F.0
053D:  BSF    1F.1
053E:  BSF    1F.2
053F:  BCF    1F.3
0540:  MOVLW  07
0541:  MOVWF  1C
0542:  BCF    03.5
0543:  CLRF   2A
....................    int angulo = 0; 
....................    servomotor_init(); 
0544:  GOTO   06E
....................    lcd_init(); 
0545:  GOTO   14E
....................    printf(lcd_putc,"LaboTEC"); 
0546:  MOVLW  6A
0547:  BSF    03.6
0548:  MOVWF  0D
0549:  MOVLW  00
054A:  MOVWF  0F
054B:  BCF    03.6
054C:  GOTO   1CE
....................    ServoWriteAngle( 0 ); 
054D:  CLRF   32
054E:  CLRF   31
054F:  CLRF   30
0550:  CLRF   2F
0551:  CALL   357
....................    for(;;){ 
....................      for( angulo = 0; angulo <= 180; angulo++){ 
0552:  CLRF   2A
0553:  MOVF   2A,W
0554:  SUBLW  B4
0555:  BTFSS  03.0
0556:  GOTO   570
....................       ServoWriteAngle( angulo ); 
0557:  CLRF   2C
0558:  MOVF   2A,W
0559:  MOVWF  2B
055A:  CALL   516
055B:  MOVF   77,W
055C:  MOVWF  2B
055D:  MOVF   78,W
055E:  MOVWF  2C
055F:  MOVF   79,W
0560:  MOVWF  2D
0561:  MOVF   7A,W
0562:  MOVWF  2E
0563:  MOVWF  32
0564:  MOVF   79,W
0565:  MOVWF  31
0566:  MOVF   78,W
0567:  MOVWF  30
0568:  MOVF   77,W
0569:  MOVWF  2F
056A:  CALL   357
....................       delay_ms(10); 
056B:  MOVLW  0A
056C:  MOVWF  2F
056D:  CALL   081
....................      } 
056E:  INCF   2A,F
056F:  GOTO   553
....................      for( angulo = 180; angulo > 0; angulo--){ 
0570:  MOVLW  B4
0571:  MOVWF  2A
0572:  MOVF   2A,F
0573:  BTFSC  03.2
0574:  GOTO   58E
....................       ServoWriteAngle( angulo ); 
0575:  CLRF   2C
0576:  MOVF   2A,W
0577:  MOVWF  2B
0578:  CALL   516
0579:  MOVF   77,W
057A:  MOVWF  2B
057B:  MOVF   78,W
057C:  MOVWF  2C
057D:  MOVF   79,W
057E:  MOVWF  2D
057F:  MOVF   7A,W
0580:  MOVWF  2E
0581:  MOVWF  32
0582:  MOVF   79,W
0583:  MOVWF  31
0584:  MOVF   78,W
0585:  MOVWF  30
0586:  MOVF   77,W
0587:  MOVWF  2F
0588:  CALL   357
....................       delay_ms(10); 
0589:  MOVLW  0A
058A:  MOVWF  2F
058B:  CALL   081
....................      } 
058C:  DECF   2A,F
058D:  GOTO   572
....................    } 
058E:  GOTO   552
.................... } 
058F:  SLEEP

Configuration Fuses:
   Word  1: 3F71   XT NOWDT PUT BROWNOUT NOLVP NOCPD NOWRT NODEBUG NOPROTECT
