
ROM used: 89 (1%)
          89 (1%) including unused fragments

          0 Average locations per line
          11 Average locations per statement

RAM used: 12 (3%) at main() level
          12 (3%) worst case

Stack used: 2 worst case (out of 8 total available)

Lines Stmts  %   Files
----- ----- ---  -----
   14     4  50  main.c
  330     0   0  ..\..\..\..\..\Program Files (x86)\PICC\devices\16f877a.h
   17     4  50  ..\LaboTec\timer2.c
   12     0   0  ..\LaboTec\timer2.h
----- -----
  373     8 Total

Page ROM  %  RAM   Vol Diff  Functions:
---- --- --- ---   --- ----  ----------
0      9  10   0    17  0.8  TIMER2_isr
0     14  16   0    69  1.6  timer2_init
0     17  19   0    44  1.2  MAIN

Program metrics:
    Functions               3
    Statements              8
    Comments                80
    Volume (V)              186
    Difficilty (D)          3.8
    Effort to implement (E) 702
    Time to implement (T)   1 minutes
    Est Delivered Bugs (B)  0
    Cyclomatic Complexity   1
    Maintainability (MI)    183

 Segment     Used  Free
-----------  ----  ----
00000-00003     4  0  
00004-00030    45  0  
00031-007FF    40  1959  
00800-00FFF     0  2048  
01000-017FF     0  2048  
01800-01FFF     0  2048  



