
ROM used: 736 (9%)
          736 (9%) including unused fragments

          1 Average locations per line
          6 Average locations per statement

RAM used: 15 (4%) at main() level
          29 (8%) worst case

Stack used: 6 worst case (out of 8 total available)

Lines Stmts  %   Files
----- ----- ---  -----
   39    19  17  main.c
  330     0   0  ..\..\..\..\..\Program Files (x86)\PICC\devices\16f877a.h
  411    91  80  ..\..\..\..\..\Program Files (x86)\PICC\drivers\lcd.c
   15     4   4  ..\LaboTec\extern_interrupt.c
   10     0   0  ..\LaboTec\extern_interrupt.h
----- -----
  805   114 Total

Page ROM  %  RAM   Vol Diff  Functions:
---- --- --- ---   --- ----  ----------
0     21   3   1             @delay_ms1
0      8   1   0             @const73
 Inline        3   751  4.5  lcd_read_byte
0     49   7   2   254  3.7  lcd_read_nibble
0     43   6   1   391  2.4  lcd_send_nibble
0     92  12   3   402  3.6  lcd_send_byte
0     65   9   2   754  5.0  lcd_init
0     18   2   4   191  5.8  lcd_gotoxy
0     45   6   1   354  4.7  lcd_putc
0      6   1   0    18  1.0  INT_EXT_isr
0      9   1   0    48  1.1  externinterrupt_init
0     89  12   2   491  4.6  MAIN
0      6   1   0             @const103
0     70  10   3             @PSTRINGC7_91
0      5   1   0             @const105
0     81  11   4             @PSTRINGCN7_91
0     21   3   3             @DIV88
0     55   7   2             @PRINTF_U_91
0      6   1   0             @const114

Program metrics:
    Functions               10
    Statements              114
    Comments                164
    Volume (V)              5684
    Difficilty (D)          36.0
    Effort to implement (E) 204719
    Time to implement (T)   3 hours, 10 minutes
    Est Delivered Bugs (B)  1
    Cyclomatic Complexity   11
    Maintainability (MI)    98

 Segment     Used  Free
-----------  ----  ----
00000-00003     4  0  
00004-0002E    43  0  
0002F-007FF   689  1312  
00800-00FFF     0  2048  
01000-017FF     0  2048  
01800-01FFF     0  2048  



