
ROM used: 731 (9%)
          731 (9%) including unused fragments

          1 Average locations per line
          6 Average locations per statement

RAM used: 8 (2%) at main() level
          22 (6%) worst case

Stack used: 5 worst case (out of 8 total available)

Lines Stmts  %   Files
----- ----- ---  -----
   42    18  14  main.c
  330     0   0  ..\..\..\..\..\Program Files (x86)\PICC\devices\16f877a.h
  411    91  72  ..\..\..\..\..\Program Files (x86)\PICC\drivers\lcd.c
   41    18  14  ..\LaboTec\pwm.c
   49     0   0  ..\LaboTec\pwm.h
----- -----
  873   127 Total

Page ROM  %  RAM   Vol Diff  Functions:
---- --- --- ---   --- ----  ----------
0     21   3   1             @delay_ms1
0      8   1   0             @const73
 Inline        3   751  4.5  lcd_read_byte
0     49   7   2   254  3.7  lcd_read_nibble
0     43   6   1   391  2.4  lcd_send_nibble
0     92  13   3   402  3.6  lcd_send_byte
0     65   9   2   754  5.0  lcd_init
0     18   2   4   191  5.8  lcd_gotoxy
0     45   6   1   354  4.7  lcd_putc
0     29   4   4   145  3.1  SetPWM1
0     23   3   0    69  1.6  pwm_init
0     95  13   2   455  4.6  MAIN
0      4   1   0             @const134
0     72  10   3             @PSTRINGC7_91
0      5   1   0             @const136
0     79  11   4             @PSTRINGCN7_91
0     21   3   3             @DIV88
0     53   7   2             @PRINTF_U_91
0      5   1   0             @const145

Program metrics:
    Functions               10
    Statements              127
    Comments                172
    Volume (V)              5936
    Difficilty (D)          38.0
    Effort to implement (E) 225465
    Time to implement (T)   3 hours, 29 minutes
    Est Delivered Bugs (B)  1
    Cyclomatic Complexity   11
    Maintainability (MI)    103

 Segment     Used  Free
-----------  ----  ----
00000-00003     4  0  
00004-007FF   727  1317  
00800-00FFF     0  2048  
01000-017FF     0  2048  
01800-01FFF     0  2048  



