
ROM used: 670 (8%)
          670 (8%) including unused fragments

          1 Average locations per line
          6 Average locations per statement

RAM used: 7 (2%) at main() level
          21 (6%) worst case

Stack used: 5 worst case (out of 8 total available)

Lines Stmts  %   Files
----- ----- ---  -----
   32    14  13  main.c
  330     0   0  ..\..\..\..\..\Program Files (x86)\PICC\devices\16f877a.h
  411    91  87  ..\..\..\..\..\Program Files (x86)\PICC\drivers\lcd.c
----- -----
  773   105 Total

Page ROM  %  RAM   Vol Diff  Functions:
---- --- --- ---   --- ----  ----------
0     21   3   1             @delay_ms1
0      8   1   0             @const73
 Inline        3   751  4.5  lcd_read_byte
0     49   7   2   254  3.7  lcd_read_nibble
0     43   6   1   391  2.4  lcd_send_nibble
0     92  14   3   402  3.6  lcd_send_byte
0     65  10   2   754  5.0  lcd_init
0     18   3   4   191  5.8  lcd_gotoxy
0     45   7   1   354  4.7  lcd_putc
0     80  12   2   402  3.7  MAIN
0      6   1   0             @const100
0     70  10   3             @PSTRINGC7_91
0      7   1   0             @const102
0      5   1   0             @const103
0     81  12   4             @PSTRINGCN7_91
0     21   3   3             @DIV88
0     55   8   2             @PRINTF_U_91

Program metrics:
    Functions               8
    Statements              105
    Comments                167
    Volume (V)              5338
    Difficilty (D)          32.1
    Effort to implement (E) 171302
    Time to implement (T)   2 hours, 39 minutes
    Est Delivered Bugs (B)  1
    Cyclomatic Complexity   10
    Maintainability (MI)    131

 Segment     Used  Free
-----------  ----  ----
00000-00003     4  0  
00004-007FF   666  1378  
00800-00FFF     0  2048  
01000-017FF     0  2048  
01800-01FFF     0  2048  



