
ROM used: 115 (1%)
          115 (1%) including unused fragments

          0 Average locations per line
          5 Average locations per statement

RAM used: 6 (2%) at main() level
          7 (2%) worst case

Stack used: 1 worst case (out of 8 total available)

Lines Stmts  %   Files
----- ----- ---  -----
   32    22 100  main.c
  330     0   0  ..\..\..\..\..\Program Files (x86)\PICC\devices\16f877a.h
----- -----
  362    22 Total

Page ROM  %  RAM   Vol Diff  Functions:
---- --- --- ---   --- ----  ----------
0     21  18   1             @delay_ms1
0     90  78   1   475  2.8  main

Program metrics:
    Functions               1
    Statements              22
    Comments                78
    Volume (V)              478
    Difficilty (D)          2.8
    Effort to implement (E) 1323
    Time to implement (T)   1 minutes
    Est Delivered Bugs (B)  0
    Cyclomatic Complexity   5
    Maintainability (MI)    133

 Segment     Used  Free
-----------  ----  ----
00000-00003     4  0  
00004-007FF   111  1933  
00800-00FFF     0  2048  
01000-017FF     0  2048  
01800-01FFF     0  2048  



