
ROM used: 1220 (15%)
          1220 (15%) including unused fragments

          1 Average locations per line
          10 Average locations per statement

RAM used: 13 (4%) at main() level
          38 (10%) worst case

Stack used: 5 worst case (out of 8 total available)

Lines Stmts  %   Files
----- ----- ---  -----
   35    16  12  main.c
  330     0   0  ..\..\..\..\..\Program Files (x86)\PICC\devices\16f877a.h
  411    91  71  ..\..\..\..\..\Program Files (x86)\PICC\drivers\lcd.c
   37    21  16  ..\LaboTec\ultrasound.c
   30     0   0  ..\LaboTec\ultrasound.h
----- -----
  843   128 Total

Page ROM  %  RAM   Vol Diff  Functions:
---- --- --- ---   --- ----  ----------
0     21   2   1             @delay_ms1
0      8   1   0             @const73
 Inline        3   751  4.5  lcd_read_byte
0     49   4   2   254  3.7  lcd_read_nibble
0     43   4   1   391  2.4  lcd_send_nibble
0     92   8   3   402  3.6  lcd_send_byte
0     65   5   2   754  5.0  lcd_init
0     18   1   4   191  5.8  lcd_gotoxy
0     45   4   1   354  4.7  lcd_putc
0     16   1   0    59  1.6  init_ultrasonico
0     73   6   2   331  4.6  read_time_ultrasonico
0     91   7  10    79  2.5  calcular_distancia
 Inline        2             @ITOF
0    117  10  13    59  1.6  @MULFF
0    105   9   7   461  2.8  MAIN
0      6   0   0    79  2.5  @const114
0     70   6   3             @PSTRINGC7_91
0      7   1   0             @const116
0      4   0   0   228  2.6  @const117
0     81   7   4             @PSTRINGCN7_91
 Inline        5             @FTOSD
0     79   6  13             @DIV3232
0    226  19  13             @PRINTF_L32D_91FPFPF

Program metrics:
    Functions               14
    Statements              128
    Comments                182
    Volume (V)              7310
    Difficilty (D)          47.3
    Effort to implement (E) 345635
    Time to implement (T)   5 hours, 20 minutes
    Est Delivered Bugs (B)  2
    Cyclomatic Complexity   11
    Maintainability (MI)    70

 Segment     Used  Free
-----------  ----  ----
00000-00003     4  0  
00004-007FF  1216  828  
00800-00FFF     0  2048  
01000-017FF     0  2048  
01800-01FFF     0  2048  



