
ROM used: 729 (9%)
          729 (9%) including unused fragments

          1 Average locations per line
          5 Average locations per statement

RAM used: 11 (3%) at main() level
          25 (7%) worst case

Stack used: 5 worst case (out of 8 total available)

Lines Stmts  %   Files
----- ----- ---  -----
   39    15  10  main.c
  330     0   0  ..\..\..\..\..\Program Files (x86)\PICC\devices\16f877a.h
  411    91  61  ..\..\..\..\..\Program Files (x86)\PICC\drivers\lcd.c
  166    44  29  ..\LaboTec\keypad.c
----- -----
  946   150 Total

Page ROM  %  RAM   Vol Diff  Functions:
---- --- --- ---   --- ----  ----------
0     21   3   1             @delay_ms1
0      8   1   0             @const73
 Inline        3   751  4.5  lcd_read_byte
0     49   7   2   254  3.7  lcd_read_nibble
0     43   6   1   391  2.4  lcd_send_nibble
0     92  13   3   402  3.6  lcd_send_byte
0     65   9   2   754  5.0  lcd_init
0     18   2   4   191  5.8  lcd_gotoxy
0     45   6   1   354  4.7  lcd_putc
0     20   3   0             @const98
0      6   1   0    17  0.8  kbd_init
0    106  15   3  5861 10.2  kbd_getc
0      8   1   0             @goto10169
0     75  10   2   380  3.6  MAIN
0      6   1   0             @const113
0     70  10   3             @PSTRINGC7_91
0      7   1   0             @const115
0      5   1   0             @const116
0     81  11   4             @PSTRINGCN7_91

Program metrics:
    Functions               10
    Statements              150
    Comments                221
    Volume (V)              12617
    Difficilty (D)          44.2
    Effort to implement (E) 557998
    Time to implement (T)   8 hours, 37 minutes
    Est Delivered Bugs (B)  2
    Cyclomatic Complexity   23
    Maintainability (MI)    132

 Segment     Used  Free
-----------  ----  ----
00000-00003     4  0  
00004-007FF   725  1319  
00800-00FFF     0  2048  
01000-017FF     0  2048  
01800-01FFF     0  2048  



