
ROM used: 731 (9%)
          731 (9%) including unused fragments

          1 Average locations per line
          7 Average locations per statement

RAM used: 8 (2%) at main() level
          27 (7%) worst case

Stack used: 5 worst case (out of 8 total available)

Lines Stmts  %   Files
----- ----- ---  -----
   37    17  15  main.c
  330     0   0  ..\..\..\..\..\Program Files (x86)\PICC\devices\16f877a.h
  411    91  83  ..\..\..\..\..\Program Files (x86)\PICC\drivers\lcd.c
    8     2   2  ..\LaboTec\adc.c
   11     0   0  ..\LaboTec\adc.h
----- -----
  797   110 Total

Page ROM  %  RAM   Vol Diff  Functions:
---- --- --- ---   --- ----  ----------
0     21   3   1             @delay_ms1
0      8   1   0             @const73
 Inline        3   751  4.5  lcd_read_byte
0     49   7   2   254  3.7  lcd_read_nibble
0     43   6   1   391  2.4  lcd_send_nibble
0     92  13   3   402  3.6  lcd_send_byte
0     65   9   2   754  5.0  lcd_init
0     18   2   4   191  5.8  lcd_gotoxy
0     45   6   1   354  4.7  lcd_putc
0     18   2   0    32  1.0  adc_init
0     95  13   3   445  2.8  MAIN
0      6   1   0             @const101
0     70  10   3             @PSTRINGC7_91
0      7   1   0             @const103
0      8   1   0             @const104
0     81  11   4             @PSTRINGCN7_91
0    101  14   9             @PRINTF_LU_91

Program metrics:
    Functions               9
    Statements              110
    Comments                164
    Volume (V)              5508
    Difficilty (D)          32.5
    Effort to implement (E) 179020
    Time to implement (T)   2 hours, 46 minutes
    Est Delivered Bugs (B)  1
    Cyclomatic Complexity   9
    Maintainability (MI)    113

 Segment     Used  Free
-----------  ----  ----
00000-00003     4  0  
00004-007FF   727  1317  
00800-00FFF     0  2048  
01000-017FF     0  2048  
01800-01FFF     0  2048  



